java/bthApp/app/build/outputs/logs/manifest-merger-debug-report.txt
-- Merging decision tree log ---
manifest
ADDED from src\main\AndroidManifest.xml:2:1-92:12
	package
		ADDED from src\main\AndroidManifest.xml:4:2-37
		INJECTED from src\main\AndroidManifest.xml
		INJECTED from src\main\AndroidManifest.xml
	android:versionName
		ADDED from src\main\AndroidManifest.xml:6:2-29
	android:versionCode
		ADDED from src\main\AndroidManifest.xml:5:2-26
		INJECTED from src\main\AndroidManifest.xml
		INJECTED from src\main\AndroidManifest.xml
	xmlns:android
		ADDED from src\main\AndroidManifest.xml:3:2-60
uses-sdk
ADDED from src\main\AndroidManifest.xml:7:2-40
	android:targetSdkVersion
		INJECTED from src\main\AndroidManifest.xml
		INJECTED from src\main\AndroidManifest.xml
	android:minSdkVersion
		ADDED from src\main\AndroidManifest.xml:7:12-37
		INJECTED from src\main\AndroidManifest.xml
		INJECTED from src\main\AndroidManifest.xml
uses-permission#android.permission.INTERNET
ADDED from src\main\AndroidManifest.xml:8:2-64
	android:name
		ADDED from src\main\AndroidManifest.xml:8:19-61
uses-permission#android.permission.CALL_PHONE
ADDED from src\main\AndroidManifest.xml:9:2-66
	android:name
		ADDED from src\main\AndroidManifest.xml:9:19-63
uses-permission#android.permission.ACTION_SEND
ADDED from src\main\AndroidManifest.xml:10:2-67
	android:name
		ADDED from src\main\AndroidManifest.xml:10:19-64
uses-permission#android.permission.ACCESS_FINE_LOCATION
ADDED from src\main\AndroidManifest.xml:11:2-76
	android:name
		ADDED from src\main\AndroidManifest.xml:11:19-73
uses-permission#android.permission.ACCESS_NETWORK_STATE
ADDED from src\main\AndroidManifest.xml:12:2-76
	android:name
		ADDED from src\main\AndroidManifest.xml:12:19-73
uses-permission#android.permission.ACCESS_COARSE_LOCATION
ADDED from src\main\AndroidManifest.xml:13:2-78
	android:name
		ADDED from src\main\AndroidManifest.xml:13:19-75
uses-permission#android.permission.WRITE_EXTERNAL_STORAGE
ADDED from src\main\AndroidManifest.xml:14:2-78
	android:name
		ADDED from src\main\AndroidManifest.xml:14:19-75
application
ADDED from src\main\AndroidManifest.xml:16:2-91:16
	android:label
		ADDED from src\main\AndroidManifest.xml:18:3-35
	android:icon
		ADDED from src\main\AndroidManifest.xml:17:3-49
	android:theme
		ADDED from src\main\AndroidManifest.xml:19:3-34
uses-library#com.google.android.maps
ADDED from src\main\AndroidManifest.xml:20:3-58
	android:name
		ADDED from src\main\AndroidManifest.xml:20:17-55
activity#se.bthstudent.android.bsk.BSKActivity
ADDED from src\main\AndroidManifest.xml:22:3-30:14
	android:label
		ADDED from src\main\AndroidManifest.xml:24:4-36
	android:theme
		ADDED from src\main\AndroidManifest.xml:25:4-46
	android:name
		ADDED from src\main\AndroidManifest.xml:23:4-31
intent-filter#android.intent.action.MAIN+android.intent.category.LAUNCHER
ADDED from src\main\AndroidManifest.xml:26:4-29:20
action#android.intent.action.MAIN
ADDED from src\main\AndroidManifest.xml:27:5-57
	android:name
		ADDED from src\main\AndroidManifest.xml:27:13-54
category#android.intent.category.LAUNCHER
ADDED from src\main\AndroidManifest.xml:28:5-65
	android:name
		ADDED from src\main\AndroidManifest.xml:28:15-62
activity#se.bthstudent.android.bsk.NewsActivity
ADDED from src\main\AndroidManifest.xml:32:3-35:49
	android:configChanges
		ADDED from src\main\AndroidManifest.xml:33:4-54
	android:theme
		ADDED from src\main\AndroidManifest.xml:35:4-46
	android:name
		ADDED from src\main\AndroidManifest.xml:34:4-32
activity#se.bthstudent.android.bsk.ArticleActivity
ADDED from src\main\AndroidManifest.xml:37:3-40:49
	android:configChanges
		ADDED from src\main\AndroidManifest.xml:38:4-54
	android:theme
		ADDED from src\main\AndroidManifest.xml:40:4-46
	android:name
		ADDED from src\main\AndroidManifest.xml:39:4-35
activity#se.bthstudent.android.bsk.CalendarActivity
ADDED from src\main\AndroidManifest.xml:42:3-45:49
	android:configChanges
		ADDED from src\main\AndroidManifest.xml:43:4-54
	android:theme
		ADDED from src\main\AndroidManifest.xml:45:4-46
	android:name
		ADDED from src\main\AndroidManifest.xml:44:4-36
activity#se.bthstudent.android.bsk.StaffActivity
ADDED from src\main\AndroidManifest.xml:47:3-50:49
	android:configChanges
		ADDED from src\main\AndroidManifest.xml:48:4-54
	android:theme
		ADDED from src\main\AndroidManifest.xml:50:4-46
	android:name
		ADDED from src\main\AndroidManifest.xml:49:4-33
activity#se.bthstudent.android.bsk.MapsActivity
ADDED from src\main\AndroidManifest.xml:52:3-55:49
	android:configChanges
		ADDED from src\main\AndroidManifest.xml:53:4-54
	android:theme
		ADDED from src\main\AndroidManifest.xml:55:4-46
	android:name
		ADDED from src\main\AndroidManifest.xml:54:4-32
activity#se.bthstudent.android.bsk.SchedulesActivity
ADDED from src\main\AndroidManifest.xml:57:3-60:49
	android:configChanges
		ADDED from src\main\AndroidManifest.xml:58:4-54
	android:theme
		ADDED from src\main\AndroidManifest.xml:60:4-46
	android:name
		ADDED from src\main\AndroidManifest.xml:59:4-37
activity#se.bthstudent.android.bsk.SchedulesAddActivity
ADDED from src\main\AndroidManifest.xml:62:3-65:49
	android:configChanges
		ADDED from src\main\AndroidManifest.xml:63:4-54
	android:theme
		ADDED from src\main\AndroidManifest.xml:65:4-46
	android:name
		ADDED from src\main\AndroidManifest.xml:64:4-40
activity#se.bthstudent.android.bsk.SchedulesSettingsActivity
ADDED from src\main\AndroidManifest.xml:67:3-70:49
	android:configChanges
		ADDED from src\main\AndroidManifest.xml:68:4-54
	android:theme
		ADDED from src\main\AndroidManifest.xml:70:4-46
	android:name
		ADDED from src\main\AndroidManifest.xml:69:4-45
activity#se.bthstudent.android.bsk.SchedulesSettingsEditActivity
ADDED from src\main\AndroidManifest.xml:72:3-75:49
	android:configChanges
		ADDED from src\main\AndroidManifest.xml:73:4-54
	android:theme
		ADDED from src\main\AndroidManifest.xml:75:4-46
	android:name
		ADDED from src\main\AndroidManifest.xml:74:4-49
activity#se.bthstudent.android.bsk.SchedulesSearchActivity
ADDED from src\main\AndroidManifest.xml:77:3-80:49
	android:configChanges
		ADDED from src\main\AndroidManifest.xml:78:4-54
	android:theme
		ADDED from src\main\AndroidManifest.xml:80:4-46
	android:name
		ADDED from src\main\AndroidManifest.xml:79:4-43
activity#se.bthstudent.android.bsk.ContactActivity
ADDED from src\main\AndroidManifest.xml:82:3-85:49
	android:configChanges
		ADDED from src\main\AndroidManifest.xml:83:4-54
	android:theme
		ADDED from src\main\AndroidManifest.xml:85:4-46
	android:name
		ADDED from src\main\AndroidManifest.xml:84:4-35
activity#se.bthstudent.android.bsk.RoomActivity
ADDED from src\main\AndroidManifest.xml:87:3-90:49
	android:screenOrientation
		ADDED from src\main\AndroidManifest.xml:89:4-43
	android:theme
		ADDED from src\main\AndroidManifest.xml:90:4-46
	android:name
		ADDED from src\main\AndroidManifest.xml:88:4-32